<?xml version="1.0" encoding="UTF-8"?>
<!-- Generated by org.testng.reporters.JUnitXMLReporter -->
<testsuite ignored="0" hostname="DESKTOP-LOONOVG" failures="0" tests="3" name="Test" time="6.569" errors="0" timestamp="2022-03-17T13:47:45 EDT">
  <testcase classname="q6.Q6TestNG" name="executeSessionThree" time="6.32"/>
  <testcase classname="q6.Q6TestNG" name="executeSessionOne" time="6.436"/>
  <testcase classname="q6.Q6TestNG" name="executeSessionTwoo" time="6.539"/>
</testsuite> <!-- Test -->
