<?xml version="1.0" encoding="UTF-8"?>
<testng-results ignored="0" total="5" passed="5" failed="0" skipped="0">
  <reporter-output>
  </reporter-output>
  <suite started-at="2022-03-17T13:52:24 EDT" name="Default suite" finished-at="2022-03-17T13:52:24 EDT" duration-ms="38">
    <groups>
    </groups>
    <test started-at="2022-03-17T13:52:24 EDT" name="Default test" finished-at="2022-03-17T13:52:24 EDT" duration-ms="38">
      <class name="firsttestngpackage.FirstTestNGFile">
        <test-method signature="b_method()[pri:0, instance:firsttestngpackage.FirstTestNGFile@481a996b]" started-at="2022-03-17T13:52:24 EDT" name="b_method" finished-at="2022-03-17T13:52:24 EDT" duration-ms="5" status="PASS">
          <reporter-output>
          </reporter-output>
        </test-method> <!-- b_method -->
        <test-method signature="c_method()[pri:0, instance:firsttestngpackage.FirstTestNGFile@481a996b]" started-at="2022-03-17T13:52:24 EDT" name="c_method" finished-at="2022-03-17T13:52:24 EDT" duration-ms="0" status="PASS">
          <reporter-output>
          </reporter-output>
        </test-method> <!-- c_method -->
        <test-method signature="e_method()[pri:0, instance:firsttestngpackage.FirstTestNGFile@481a996b]" started-at="2022-03-17T13:52:24 EDT" name="e_method" finished-at="2022-03-17T13:52:24 EDT" duration-ms="1" status="PASS">
          <reporter-output>
          </reporter-output>
        </test-method> <!-- e_method -->
        <test-method signature="a_method()[pri:6, instance:firsttestngpackage.FirstTestNGFile@481a996b]" started-at="2022-03-17T13:52:24 EDT" name="a_method" finished-at="2022-03-17T13:52:24 EDT" duration-ms="0" status="PASS">
          <reporter-output>
          </reporter-output>
        </test-method> <!-- a_method -->
        <test-method signature="d_method()[pri:6, instance:firsttestngpackage.FirstTestNGFile@481a996b]" started-at="2022-03-17T13:52:24 EDT" name="d_method" finished-at="2022-03-17T13:52:24 EDT" duration-ms="1" status="PASS">
          <reporter-output>
          </reporter-output>
        </test-method> <!-- d_method -->
      </class> <!-- firsttestngpackage.FirstTestNGFile -->
    </test> <!-- Default test -->
  </suite> <!-- Default suite -->
</testng-results>
