<?xml version="1.0" encoding="UTF-8"?>
<!-- Generated by org.testng.reporters.JUnitXMLReporter -->
<testsuite ignored="0" hostname="DESKTOP-LOONOVG" failures="0" tests="5" name="Default test" time="0.038" errors="0" timestamp="2022-03-17T13:52:24 EDT">
  <testcase classname="firsttestngpackage.FirstTestNGFile" name="b_method" time="0.005"/>
  <testcase classname="firsttestngpackage.FirstTestNGFile" name="c_method" time="0.0"/>
  <testcase classname="firsttestngpackage.FirstTestNGFile" name="e_method" time="0.001"/>
  <testcase classname="firsttestngpackage.FirstTestNGFile" name="a_method" time="0.0"/>
  <testcase classname="firsttestngpackage.FirstTestNGFile" name="d_method" time="0.001"/>
</testsuite> <!-- Default test -->
