<?xml version="1.0" encoding="UTF-8"?>
<testng-results ignored="0" total="5" passed="5" failed="0" skipped="0">
  <reporter-output>
  </reporter-output>
  <suite started-at="2022-03-17T14:04:08 EDT" name="Default suite" finished-at="2022-03-17T14:04:08 EDT" duration-ms="38">
    <groups>
    </groups>
    <test started-at="2022-03-17T14:04:08 EDT" name="Default test" finished-at="2022-03-17T14:04:08 EDT" duration-ms="38">
      <class name="q1.Q1TestNG">
        <test-method signature="b_method()[pri:0, instance:q1.Q1TestNG@41fbdac4]" started-at="2022-03-17T14:04:08 EDT" name="b_method" finished-at="2022-03-17T14:04:08 EDT" duration-ms="6" status="PASS">
          <reporter-output>
          </reporter-output>
        </test-method> <!-- b_method -->
        <test-method signature="c_method()[pri:0, instance:q1.Q1TestNG@41fbdac4]" started-at="2022-03-17T14:04:08 EDT" name="c_method" finished-at="2022-03-17T14:04:08 EDT" duration-ms="0" status="PASS">
          <reporter-output>
          </reporter-output>
        </test-method> <!-- c_method -->
        <test-method signature="e_method()[pri:0, instance:q1.Q1TestNG@41fbdac4]" started-at="2022-03-17T14:04:08 EDT" name="e_method" finished-at="2022-03-17T14:04:08 EDT" duration-ms="1" status="PASS">
          <reporter-output>
          </reporter-output>
        </test-method> <!-- e_method -->
        <test-method signature="a_method()[pri:6, instance:q1.Q1TestNG@41fbdac4]" started-at="2022-03-17T14:04:08 EDT" name="a_method" finished-at="2022-03-17T14:04:08 EDT" duration-ms="2" status="PASS">
          <reporter-output>
          </reporter-output>
        </test-method> <!-- a_method -->
        <test-method signature="d_method()[pri:6, instance:q1.Q1TestNG@41fbdac4]" started-at="2022-03-17T14:04:08 EDT" name="d_method" finished-at="2022-03-17T14:04:08 EDT" duration-ms="1" status="PASS">
          <reporter-output>
          </reporter-output>
        </test-method> <!-- d_method -->
      </class> <!-- q1.Q1TestNG -->
    </test> <!-- Default test -->
  </suite> <!-- Default suite -->
</testng-results>
