<?xml version="1.0" encoding="UTF-8"?>
<!-- Generated by org.testng.reporters.JUnitXMLReporter -->
<testsuite ignored="0" hostname="DESKTOP-LOONOVG" failures="0" tests="5" name="Default test" time="0.038" errors="0" timestamp="2022-03-17T14:04:08 EDT">
  <testcase classname="q1.Q1TestNG" name="b_method" time="0.006"/>
  <testcase classname="q1.Q1TestNG" name="c_method" time="0.0"/>
  <testcase classname="q1.Q1TestNG" name="e_method" time="0.001"/>
  <testcase classname="q1.Q1TestNG" name="a_method" time="0.002"/>
  <testcase classname="q1.Q1TestNG" name="d_method" time="0.001"/>
</testsuite> <!-- Default test -->
